<?xml version="1.0" encoding="UTF-8"?>
<!-- Generated by org.testng.reporters.JUnitReportReporter -->
<testsuite skipped="0" hostname="LAPTOP-KJDQP2H1" name="com.training.sanity.tests.TC_UNF_020" tests="1" failures="0" timestamp="24 Mar 2019 14:11:57 GMT" time="13.117" errors="0">
  <testcase name="FilterCustomerDetailsTest" time="13.117" classname="com.training.sanity.tests.TC_UNF_020"/>
</testsuite> <!-- com.training.sanity.tests.TC_UNF_020 -->
