<?xml version="1.0" encoding="UTF-8"?>
<!-- Generated by org.testng.reporters.JUnitReportReporter -->
<testsuite skipped="0" hostname="LAPTOP-KJDQP2H1" name="com.training.sanity.tests.ModifyOrderwithoutPOM2" tests="1" failures="0" timestamp="19 Mar 2019 15:35:54 GMT" time="45.703" errors="0">
  <testcase name="EditNAddOrder" time="45.703" classname="com.training.sanity.tests.ModifyOrderwithoutPOM2"/>
</testsuite> <!-- com.training.sanity.tests.ModifyOrderwithoutPOM2 -->
