<?xml version="1.0" encoding="UTF-8"?>
<!-- Generated by org.testng.reporters.JUnitReportReporter -->
<testsuite skipped="0" hostname="LAPTOP-KJDQP2H1" name="com.training.sanity.tests.TC_UNF_050" tests="1" failures="0" timestamp="24 Mar 2019 16:20:24 GMT" time="16.183" errors="0">
  <testcase name="EditCustomerDetailsAddRewardPointsTest" time="16.183" classname="com.training.sanity.tests.TC_UNF_050"/>
</testsuite> <!-- com.training.sanity.tests.TC_UNF_050 -->
