<?xml version="1.0" encoding="UTF-8"?>
<!-- Generated by org.testng.reporters.JUnitReportReporter -->
<testsuite skipped="0" hostname="LAPTOP-KJDQP2H1" name="com.training.sanity.tests.TC_UNF_48" tests="1" failures="0" timestamp="24 Mar 2019 15:56:05 GMT" time="19.699" errors="0">
  <testcase name="AddCategoryAddProductTest" time="19.699" classname="com.training.sanity.tests.TC_UNF_48"/>
</testsuite> <!-- com.training.sanity.tests.TC_UNF_48 -->
