<?xml version="1.0" encoding="UTF-8"?>
<!-- Generated by org.testng.reporters.JUnitReportReporter -->
<testsuite skipped="0" hostname="LAPTOP-KJDQP2H1" name="com.training.sanity.tests.TC_UNF_046" tests="1" failures="0" timestamp="04 Apr 2019 08:38:27 GMT" time="20.722" errors="0">
  <testcase name="AddCategoryAddProductTest" time="20.722" classname="com.training.sanity.tests.TC_UNF_046"/>
</testsuite> <!-- com.training.sanity.tests.TC_UNF_046 -->
