<?xml version="1.0" encoding="UTF-8"?>
<!-- Generated by org.testng.reporters.JUnitReportReporter -->
<testsuite skipped="0" hostname="LAPTOP-KJDQP2H1" name="com.training.sanity.tests.TC_UNF_016" tests="1" failures="0" timestamp="24 Mar 2019 13:34:34 GMT" time="22.365" errors="0">
  <testcase name="DeleteOrderTest" time="22.365" classname="com.training.sanity.tests.TC_UNF_016"/>
</testsuite> <!-- com.training.sanity.tests.TC_UNF_016 -->
