<?xml version="1.0" encoding="UTF-8"?>
<!-- Generated by org.testng.reporters.JUnitReportReporter -->
<testsuite skipped="1" hostname="LAPTOP-KJDQP2H1" name="com.training.regression.tests.LoginDBTest" tests="1" failures="0" timestamp="03 Apr 2019 15:55:40 GMT" time="0.000" errors="0">
  <testcase name="loginDBTest" time="0.000" classname="com.training.regression.tests.LoginDBTest">
    <skipped/>
  </testcase> <!-- loginDBTest -->
</testsuite> <!-- com.training.regression.tests.LoginDBTest -->
