<?xml version="1.0" encoding="UTF-8"?>
<!-- Generated by org.testng.reporters.JUnitReportReporter -->
<testsuite skipped="0" hostname="LAPTOP-KJDQP2H1" name="com.training.sanity.tests.TC_UNF_020" tests="1" failures="0" timestamp="13 Mar 2019 08:56:42 GMT" time="25.299" errors="0">
  <testcase name="validLoginTest" time="25.299" classname="com.training.sanity.tests.TC_UNF_020"/>
</testsuite> <!-- com.training.sanity.tests.TC_UNF_020 -->
