<?xml version="1.0" encoding="UTF-8"?>
<!-- Generated by org.testng.reporters.JUnitReportReporter -->
<testsuite skipped="0" hostname="LAPTOP-KJDQP2H1" name="com.training.sanity.tests.TC_UNF_046_ignore" tests="1" failures="0" timestamp="24 Mar 2019 15:36:06 GMT" time="32.623" errors="0">
  <testcase name="EditOrderTest" time="32.623" classname="com.training.sanity.tests.TC_UNF_046_ignore"/>
</testsuite> <!-- com.training.sanity.tests.TC_UNF_046_ignore -->
