<?xml version="1.0" encoding="UTF-8"?>
<!-- Generated by org.testng.reporters.JUnitReportReporter -->
<testsuite skipped="0" hostname="LAPTOP-KJDQP2H1" name="com.training.sanity.tests.TC_UNF_49" tests="1" failures="0" timestamp="24 Mar 2019 15:54:05 GMT" time="16.638" errors="0">
  <testcase name="AddReturnOrderNDeleteItTest" time="16.638" classname="com.training.sanity.tests.TC_UNF_49"/>
</testsuite> <!-- com.training.sanity.tests.TC_UNF_49 -->
