<?xml version="1.0" encoding="UTF-8"?>
<!-- Generated by org.testng.reporters.JUnitReportReporter -->
<testsuite skipped="0" hostname="LAPTOP-KJDQP2H1" name="com.training.sanity.tests.TC_UNF_019_deletebuttonmissinginreturnlist" tests="1" failures="0" timestamp="13 Mar 2019 08:36:40 GMT" time="29.439" errors="0">
  <testcase name="validLoginTest" time="29.439" classname="com.training.sanity.tests.TC_UNF_019_deletebuttonmissinginreturnlist"/>
</testsuite> <!-- com.training.sanity.tests.TC_UNF_019_deletebuttonmissinginreturnlist -->
