<?xml version="1.0" encoding="UTF-8"?>
<!-- Generated by org.testng.reporters.JUnitReportReporter -->
<testsuite skipped="0" hostname="LAPTOP-KJDQP2H1" name="com.training.sanity.tests.TC_UNF_47" tests="1" failures="0" timestamp="24 Mar 2019 17:33:41 GMT" time="16.614" errors="0">
  <testcase name="MultipleFilterTest" time="16.614" classname="com.training.sanity.tests.TC_UNF_47"/>
</testsuite> <!-- com.training.sanity.tests.TC_UNF_47 -->
