<?xml version="1.0" encoding="UTF-8"?>
<!-- Generated by org.testng.reporters.JUnitReportReporter -->
<testsuite skipped="0" hostname="LAPTOP-KJDQP2H1" name="com.training.sanity.tests.TC_UNF_016" tests="1" failures="0" timestamp="13 Mar 2019 05:28:39 GMT" time="24.560" errors="0">
  <testcase name="validLoginTest" time="24.560" classname="com.training.sanity.tests.TC_UNF_016"/>
</testsuite> <!-- com.training.sanity.tests.TC_UNF_016 -->
