<?xml version="1.0" encoding="UTF-8"?>
<!-- Generated by org.testng.reporters.JUnitReportReporter -->
<testsuite skipped="0" hostname="LAPTOP-KJDQP2H1" name="com.training.sanity.tests.TC_UNF_20" tests="1" failures="0" timestamp="12 Mar 2019 09:52:41 GMT" time="26.595" errors="0">
  <testcase name="validLoginTest" time="26.595" classname="com.training.sanity.tests.TC_UNF_20"/>
</testsuite> <!-- com.training.sanity.tests.TC_UNF_20 -->
