<?xml version="1.0" encoding="UTF-8"?>
<!-- Generated by org.testng.reporters.JUnitReportReporter -->
<testsuite skipped="0" hostname="LAPTOP-KJDQP2H1" name="com.training.sanity.tests.LoginTests" tests="1" failures="0" timestamp="17 Mar 2019 05:49:48 GMT" time="12.755" errors="0">
  <testcase name="validLoginTest" time="12.755" classname="com.training.sanity.tests.LoginTests"/>
</testsuite> <!-- com.training.sanity.tests.LoginTests -->
