<?xml version="1.0" encoding="UTF-8"?>
<!-- Generated by org.testng.reporters.JUnitReportReporter -->
<testsuite skipped="0" hostname="LAPTOP-KJDQP2H1" name="com.training.sanity.tests.TC_UNF_019" tests="1" failures="0" timestamp="24 Mar 2019 13:48:48 GMT" time="16.164" errors="0">
  <testcase name="DeleteReturnProduct" time="16.164" classname="com.training.sanity.tests.TC_UNF_019"/>
</testsuite> <!-- com.training.sanity.tests.TC_UNF_019 -->
