<?xml version="1.0" encoding="UTF-8"?>
<!-- Generated by org.testng.reporters.JUnitReportReporter -->
<testsuite skipped="0" hostname="LAPTOP-KJDQP2H1" name="com.training.regression.tests.LoginExcelTest" tests="3" failures="0" timestamp="03 Apr 2019 15:54:03 GMT" time="25.955" errors="0">
  <testcase name="loginDBTest" time="8.373" classname="com.training.regression.tests.LoginExcelTest"/>
  <testcase name="loginDBTest" time="8.655" classname="com.training.regression.tests.LoginExcelTest"/>
  <testcase name="loginDBTest" time="8.927" classname="com.training.regression.tests.LoginExcelTest"/>
</testsuite> <!-- com.training.regression.tests.LoginExcelTest -->
