<?xml version="1.0" encoding="UTF-8"?>
<!-- Generated by org.testng.reporters.JUnitReportReporter -->
<testsuite skipped="0" hostname="LAPTOP-KJDQP2H1" name="com.training.sanity.tests.TC_UNF_018" tests="1" failures="0" timestamp="24 Mar 2019 13:42:25 GMT" time="15.321" errors="0">
  <testcase name="FilterReturnOrder" time="15.321" classname="com.training.sanity.tests.TC_UNF_018"/>
</testsuite> <!-- com.training.sanity.tests.TC_UNF_018 -->
