<?xml version="1.0" encoding="UTF-8"?>
<!-- Generated by org.testng.reporters.JUnitReportReporter -->
<testsuite skipped="0" hostname="LAPTOP-KJDQP2H1" name="com.training.sanity.tests.TC_UNF_46" tests="1" failures="0" timestamp="24 Mar 2019 15:32:23 GMT" time="33.028" errors="0">
  <testcase name="EditOrderTest" time="33.028" classname="com.training.sanity.tests.TC_UNF_46"/>
</testsuite> <!-- com.training.sanity.tests.TC_UNF_46 -->
